  Building Custom Rule C:/dev/LIB/src/SFML-2.5.1/src/SFML/System/CMakeLists.txt
  Clock.cpp
  Err.cpp
  Lock.cpp
  Mutex.cpp
  Sleep.cpp
  String.cpp
  Thread.cpp
  ThreadLocal.cpp
  Time.cpp
  FileInputStream.cpp
  MemoryInputStream.cpp
  ClockImpl.cpp
C:\dev\LIB\src\SFML-2.5.1\src\SFML\System\Win32\ClockImpl.cpp(46,35): warning C4996: 'GetVersion': was declared deprecated
  MutexImpl.cpp
  SleepImpl.cpp
  ThreadImpl.cpp
  ThreadLocalImpl.cpp
  Generating Code...
     Creating library C:/dev/LIB/bld/sfml-build/lib/Release/sfml-system.lib and object C:/dev/LIB/bld/sfml-build/lib/Release/sfml-system.exp
  sfml-system.vcxproj -> C:\dev\LIB\bld\sfml-build\lib\Release\sfml-system-2.dll
